<?xml version="1.0" encoding="UTF-8"?>
<!-- Generated by org.testng.reporters.JUnitXMLReporter -->
<testsuite ignored="0" hostname="DurgeshRao" failures="1" tests="2" name="SampleTests" time="40.406" errors="0" timestamp="2026-01-13T22:33:47 IST">
  <testcase classname="com.amazon.tests.LoginTest" name="testLogin" time="6.329"/>
  <testcase classname="com.amazon.tests.LoginTest" name="testAdminJobDetails" time="3.281">
    <failure type="java.lang.AssertionError" message="expected [true] but found [false]">
      <![CDATA[java.lang.AssertionError: expected [true] but found [false]
at com.amazon.tests.LoginTest.testAdminJobDetails(LoginTest.java:23)
at java.base/java.util.ArrayList.forEach(ArrayList.java:1511)
... Removed 31 stack frames]]>
    </failure>
  </testcase> <!-- testAdminJobDetails -->
</testsuite> <!-- SampleTests -->
