<?xml version="1.0" encoding="UTF-8"?>
<!-- Generated by org.testng.reporters.JUnitXMLReporter -->
<testsuite ignored="2" hostname="DurgeshRao" failures="0" tests="1" name="SampleTests" time="12.559" errors="0" timestamp="2026-01-14T00:19:27 IST">
  <testcase classname="com.amazon.tests.LoginTest" name="testAddition" time="0.009"/>
  <testcase classname="com.amazon.tests.LoginTest" name="testLogin" time="0.0">
    <ignored/>
  </testcase> <!-- testLogin -->
  <testcase classname="com.amazon.tests.LoginTest" name="testAdminJobDetails" time="0.0">
    <ignored/>
  </testcase> <!-- testAdminJobDetails -->
</testsuite> <!-- SampleTests -->
