<?xml version="1.0" encoding="UTF-8"?>
<!-- Generated by org.testng.reporters.JUnitReportReporter -->
<testsuite hostname="DurgeshRao" failures="0" tests="3" name="com.amazon.tests.LoginTest" time="0.009" errors="0" timestamp="2026-01-14T00:19:27 IST" skipped="2">
  <testcase classname="com.amazon.tests.LoginTest" name="testAddition" time="0.009"/>
  <testcase classname="com.amazon.tests.LoginTest" name="testLogin">
    <skipped/>
  </testcase> <!-- testLogin -->
  <testcase classname="com.amazon.tests.LoginTest" name="testAdminJobDetails">
    <skipped/>
  </testcase> <!-- testAdminJobDetails -->
</testsuite> <!-- com.amazon.tests.LoginTest -->
